빌드 시작: 2014-12-04 오후 5:13:13
     1>2 노드의 "C:\Users\Administrator\Documents\SoftwareGlobalProject\Togedule\Togedule.vcxproj" 프로젝트(build 대상)입니다.
     1>InitializeBuildStatus:
         "AlwaysCreate"이(가) 지정되었기 때문에 "Debug\Togedule.unsuccessfulbuild"을(를) 만들고 있습니다.
       ClCompile:
         C:\Program Files (x86)\Microsoft Visual Studio 10.0\VC\bin\CL.exe /c /ZI /nologo /W3 /WX- /Od /Oy- /D WIN32 /D _DEBUG /D _CONSOLE /D _UNICODE /D UNICODE /Gm /EHsc /RTC1 /MDd /GS /fp:precise /Zc:wchar_t /Zc:forScope /Fo"Debug\\" /Fd"Debug\vc100.pdb" /Gd /TC /analyze- /errorReport:prompt moneyShare.c
         moneyShare.c
     1>c:\users\administrator\documents\softwareglobalproject\togedule\moneyshare.c(62): warning C4047: '==' : 'int'의 간접 참조 수준이 'void *'과(와) 다릅니다.
     1>c:\users\administrator\documents\softwareglobalproject\togedule\moneyshare.c(71): warning C4047: '==' : 'int'의 간접 참조 수준이 'void *'과(와) 다릅니다.
       Link:
         C:\Program Files (x86)\Microsoft Visual Studio 10.0\VC\bin\link.exe /ERRORREPORT:PROMPT /OUT:"C:\Users\Administrator\Documents\SoftwareGlobalProject\Togedule\Debug\Togedule.exe" /INCREMENTAL /NOLOGO kernel32.lib user32.lib gdi32.lib winspool.lib comdlg32.lib advapi32.lib shell32.lib ole32.lib oleaut32.lib uuid.lib odbc32.lib odbccp32.lib /MANIFEST /ManifestFile:"Debug\Togedule.exe.intermediate.manifest" /MANIFESTUAC:"level='asInvoker' uiAccess='false'" /DEBUG /PDB:"C:\Users\Administrator\Documents\SoftwareGlobalProject\Togedule\Debug\Togedule.pdb" /SUBSYSTEM:CONSOLE /TLBID:1 /DYNAMICBASE /NXCOMPAT /IMPLIB:"C:\Users\Administrator\Documents\SoftwareGlobalProject\Togedule\Debug\Togedule.lib" /MACHINE:X86 Debug\function.obj
         Debug\login.obj
         Debug\main.obj
         Debug\mainMenu.obj
         Debug\makeTimetable.obj
         Debug\membership.obj
         Debug\modifyTimetable.obj
         Debug\moneyShare.obj
         Debug\mystatus.obj
         Debug\promise.obj
         Debug\promiseChange.obj
         Debug\promiseDelete.obj
         Debug\promisePlace.obj
         Debug\promiseView.obj
         Debug\pwFind.obj
         Debug\removeTimetable.obj
         Debug\timeTable.obj
         Togedule.vcxproj -> C:\Users\Administrator\Documents\SoftwareGlobalProject\Togedule\Debug\Togedule.exe
       Manifest:
         C:\Program Files (x86)\Microsoft SDKs\Windows\v7.0A\bin\mt.exe /nologo /verbose /out:"C:\Users\Administrator\Documents\SoftwareGlobalProject\Togedule\Debug\Togedule.exe.manifest" /manifest Debug\Togedule.exe.intermediate.manifest
       FinalizeBuildStatus:
         "Debug\Togedule.unsuccessfulbuild" 파일을 삭제하고 있습니다.
         "Debug\Togedule.lastbuildstate"에 연결(touching)하고 있습니다.
     1>"C:\Users\Administrator\Documents\SoftwareGlobalProject\Togedule\Togedule.vcxproj" 프로젝트를 빌드했습니다(build 대상).

빌드했습니다.

경과 시간: 00:00:01.17
